\BOOKMARK [0][-]{section*.1}{Dedication}{}% 1
\BOOKMARK [0][-]{section*.3}{Acknowledgements}{}% 2
\BOOKMARK [0][-]{section*.5}{Abstract}{}% 3
\BOOKMARK [0][-]{section*.8}{List of Figures}{}% 4
\BOOKMARK [0][-]{section*.10}{List of Tables}{}% 5
\BOOKMARK [0][-]{chapter.1}{Chapter 1: Introduction}{}% 6
\BOOKMARK [1][-]{section.1.1}{1.1 Backgrounds}{chapter.1}% 7
\BOOKMARK [2][-]{subsection.1.1.1}{1.1.1 Engineering Background}{section.1.1}% 8
\BOOKMARK [2][-]{subsection.1.1.2}{1.1.2 Overview of Related Numerical Methods}{section.1.1}% 9
\BOOKMARK [1][-]{section.1.2}{1.2 Objective}{chapter.1}% 10
\BOOKMARK [0][-]{chapter.2}{Chapter 2: Numerical Method}{}% 11
\BOOKMARK [1][-]{section.2.1}{2.1 Mathematical Models and Numerical Method}{chapter.2}% 12
\BOOKMARK [2][-]{subsection.2.1.1}{2.1.1 Linear Elastic Equation and Weak Galerkin Method}{section.2.1}% 13
\BOOKMARK [1][-]{section.2.2}{2.2 Existing Numerical Methods Review}{chapter.2}% 14
\BOOKMARK [2][-]{subsection.2.2.1}{2.2.1 Classic Continuous Galerkin Finite Element Method}{section.2.2}% 15
\BOOKMARK [2][-]{subsection.2.2.2}{2.2.2 Discontinuous Galerkin Finite Element Method}{section.2.2}% 16
\BOOKMARK [2][-]{subsection.2.2.3}{2.2.3 Mixed Finite Element Method}{section.2.2}% 17
\BOOKMARK [1][-]{section.2.3}{2.3 Weak Galerkin Finite Element Methods}{chapter.2}% 18
\BOOKMARK [2][-]{subsection.2.3.1}{2.3.1 Preliminary}{section.2.3}% 19
\BOOKMARK [2][-]{subsection.2.3.2}{2.3.2 Weak operators}{section.2.3}% 20
\BOOKMARK [2][-]{subsection.2.3.3}{2.3.3 Second order elliptic equation in WG}{section.2.3}% 21
\BOOKMARK [2][-]{subsection.2.3.4}{2.3.4 Weak Galerkin triangular meshes}{section.2.3}% 22
\BOOKMARK [2][-]{subsection.2.3.5}{2.3.5 Weak Galerkin quadrilateral meshes}{section.2.3}% 23
\BOOKMARK [0][-]{chapter.3}{Chapter 3: Hybrid Weak Galerkin and Continuous Galerkin Finite Element Method}{}% 24
\BOOKMARK [1][-]{section.3.1}{3.1 Nonlinear Elasticity Equation}{chapter.3}% 25
\BOOKMARK [1][-]{section.3.2}{3.2 Hybrid WG-CG Element}{chapter.3}% 26
\BOOKMARK [1][-]{section.3.3}{3.3 Generic Stabilizer}{chapter.3}% 27
\BOOKMARK [1][-]{section.3.4}{3.4 Parallel Computing Method}{chapter.3}% 28
\BOOKMARK [1][-]{section.3.5}{3.5 The Parallel Computing Work Flow}{chapter.3}% 29
\BOOKMARK [1][-]{section.3.6}{3.6 Numerical Results}{chapter.3}% 30
\BOOKMARK [2][-]{subsection.3.6.1}{3.6.1 Geometric linear elastic equation}{section.3.6}% 31
\BOOKMARK [2][-]{subsection.3.6.2}{3.6.2 Geometric nonlinear elasticity equation}{section.3.6}% 32
\BOOKMARK [0][-]{chapter.4}{Chapter 4: Weak Galerkin Parallel Solutions of Linear Elasticity on Unstructured Meshes}{}% 33
\BOOKMARK [1][-]{section.4.1}{4.1 Domain Decomposition Scheme}{chapter.4}% 34
\BOOKMARK [2][-]{subsection.4.1.1}{4.1.1 FETI-DP Method}{section.4.1}% 35
\BOOKMARK [2][-]{subsection.4.1.2}{4.1.2 Block Cholesky elimination}{section.4.1}% 36
\BOOKMARK [2][-]{subsection.4.1.3}{4.1.3 Balancing Domain Decomposition by Constraints}{section.4.1}% 37
\BOOKMARK [1][-]{section.4.2}{4.2 WG-BDDC Method}{chapter.4}% 38
\BOOKMARK [1][-]{section.4.3}{4.3 Schur Complement Method for subdomain \040j }{chapter.4}% 39
\BOOKMARK [1][-]{section.4.4}{4.4 BDDC Preconditioner}{chapter.4}% 40
\BOOKMARK [1][-]{section.4.5}{4.5 WG-BDDC Method Implementation}{chapter.4}% 41
\BOOKMARK [1][-]{section.4.6}{4.6 Preconditioned Conjugate Gradient Method}{chapter.4}% 42
\BOOKMARK [1][-]{section.4.7}{4.7 Parallel Computing Scheme}{chapter.4}% 43
\BOOKMARK [1][-]{section.4.8}{4.8 Numerical Results}{chapter.4}% 44
\BOOKMARK [2][-]{subsection.4.8.1}{4.8.1 Poisson Equation}{section.4.8}% 45
\BOOKMARK [2][-]{subsection.4.8.2}{4.8.2 Linear Elastic Equation}{section.4.8}% 46
\BOOKMARK [0][-]{appendix.A}{Appendix A: Numerical Simulations of Stenotic Flow}{}% 47
\BOOKMARK [1][-]{section.A.1}{A.1 Background}{appendix.A}% 48
\BOOKMARK [1][-]{section.A.2}{A.2 Numerical Method}{appendix.A}% 49
\BOOKMARK [1][-]{section.A.3}{A.3 Geometry and Condition}{appendix.A}% 50
\BOOKMARK [2][-]{subsection.A.3.1}{A.3.1 Geometry}{section.A.3}% 51
\BOOKMARK [2][-]{subsection.A.3.2}{A.3.2 Mesh}{section.A.3}% 52
\BOOKMARK [2][-]{subsection.A.3.3}{A.3.3 Dimensionless wall distance}{section.A.3}% 53
\BOOKMARK [2][-]{subsection.A.3.4}{A.3.4 Conditions}{section.A.3}% 54
\BOOKMARK [1][-]{section.A.4}{A.4 Verification}{appendix.A}% 55
\BOOKMARK [2][-]{subsection.A.4.1}{A.4.1 Straight vessel test}{section.A.4}% 56
\BOOKMARK [2][-]{subsection.A.4.2}{A.4.2 Resolution independence test}{section.A.4}% 57
\BOOKMARK [1][-]{section.A.5}{A.5 Results}{appendix.A}% 58
\BOOKMARK [2][-]{subsection.A.5.1}{A.5.1 Verification Empirical Solution}{section.A.5}% 59
\BOOKMARK [2][-]{subsection.A.5.2}{A.5.2 Single stenosis evaluation}{section.A.5}% 60
\BOOKMARK [2][-]{subsection.A.5.3}{A.5.3 Pressure drop between multiple sub-critical stenoses and single critical stneosis}{section.A.5}% 61
\BOOKMARK [2][-]{subsection.A.5.4}{A.5.4 Multiple critical stenoses analysis}{section.A.5}% 62
\BOOKMARK [2][-]{subsection.A.5.5}{A.5.5 Multiple subcritical stenoses pressure drop}{section.A.5}% 63
\BOOKMARK [2][-]{subsection.A.5.6}{A.5.6 Stenosis stretching on streamwise direction}{section.A.5}% 64
\BOOKMARK [2][-]{subsection.A.5.7}{A.5.7 Pressure drop and wall shear stress}{section.A.5}% 65
\BOOKMARK [2][-]{subsection.A.5.8}{A.5.8 Interval spacing between subcritical stenoses}{section.A.5}% 66
\BOOKMARK [1][-]{section.A.6}{A.6 Summary and discussion}{appendix.A}% 67
\BOOKMARK [0][-]{appendix.B}{Appendix B: Conclusions and Future Work}{}% 68
\BOOKMARK [1][-]{section.B.1}{B.1 Conclusion}{appendix.B}% 69
\BOOKMARK [1][-]{section.B.2}{B.2 Future Work}{appendix.B}% 70
\BOOKMARK [0][-]{appendix*.75}{References}{}% 71
